{"numTotalTestSuites":16,"numPassedTestSuites":16,"numFailedTestSuites":0,"numPendingTestSuites":0,"numTotalTests":145,"numPassedTests":145,"numFailedTests":0,"numPendingTests":0,"numTodoTests":0,"snapshot":{"added":0,"failure":false,"filesAdded":0,"filesRemoved":0,"filesRemovedList":[],"filesUnmatched":0,"filesUpdated":0,"matched":0,"total":0,"unchecked":0,"uncheckedKeysByFile":[],"unmatched":0,"updated":0,"didUpdate":false},"startTime":1770538456884,"success":true,"testResults":[{"assertionResults":[{"ancestorTitles":["extra coverage tests","normalizeTimestamp edge cases"],"fullName":"extra coverage tests normalizeTimestamp edge cases should handle invalid string timestamp","status":"passed","title":"should handle invalid string timestamp","duration":1.8781730000000039,"failureMessages":[],"meta":{}},{"ancestorTitles":["extra coverage tests","normalizeTimestamp edge cases"],"fullName":"extra coverage tests normalizeTimestamp edge cases should handle valid ISO 8601 string timestamp","status":"passed","title":"should handle valid ISO 8601 string timestamp","duration":0.40851200000000176,"failureMessages":[],"meta":{}},{"ancestorTitles":["extra coverage tests","normalizeTimestamp edge cases"],"fullName":"extra coverage tests normalizeTimestamp edge cases should handle Date object as timestamp","status":"passed","title":"should handle Date object as timestamp","duration":0.26355099999997833,"failureMessages":[],"meta":{}},{"ancestorTitles":["extra coverage tests","normalizeTimestamp edge cases"],"fullName":"extra coverage tests normalizeTimestamp edge cases should handle Date object as reference","status":"passed","title":"should handle Date object as reference","duration":0.3190759999999955,"failureMessages":[],"meta":{}},{"ancestorTitles":["extra coverage tests","normalizeTimestamp edge cases"],"fullName":"extra coverage tests normalizeTimestamp edge cases should throw on invalid timestamp type","status":"passed","title":"should throw on invalid timestamp type","duration":0.40366299999999455,"failureMessages":[],"meta":{}},{"ancestorTitles":["extra coverage tests","normalizeTimestamp edge cases"],"fullName":"extra coverage tests normalizeTimestamp edge cases should throw on invalid timestamp type (array)","status":"passed","title":"should throw on invalid timestamp type (array)","duration":0.24456599999999185,"failureMessages":[],"meta":{}},{"ancestorTitles":["extra coverage tests","normalizeTimestamp edge cases"],"fullName":"extra coverage tests normalizeTimestamp edge cases should throw on invalid timestamp type (object)","status":"passed","title":"should throw on invalid timestamp type (object)","duration":0.2799530000000061,"failureMessages":[],"meta":{}},{"ancestorTitles":["extra coverage tests","duration rounding edge cases"],"fullName":"extra coverage tests duration rounding edge cases should round up in non-compact mode when fraction >= 0.5","status":"passed","title":"should round up in non-compact mode when fraction >= 0.5","duration":0.39067899999997735,"failureMessages":[],"meta":{}},{"ancestorTitles":["extra coverage tests","duration rounding edge cases"],"fullName":"extra coverage tests duration rounding edge cases should not round up when fraction < 0.5 in non-compact mode","status":"passed","title":"should not round up when fraction < 0.5 in non-compact mode","duration":0.1882709999999861,"failureMessages":[],"meta":{}},{"ancestorTitles":["extra coverage tests","parseDuration edge cases"],"fullName":"extra coverage tests parseDuration edge cases should handle overlapping matches by preferring first match","status":"passed","title":"should handle overlapping matches by preferring first match","duration":0.7855750000000228,"failureMessages":[],"meta":{}},{"ancestorTitles":["extra coverage tests","parseDuration edge cases"],"fullName":"extra coverage tests parseDuration edge cases should handle input that might create overlapping regex matches","status":"passed","title":"should handle input that might create overlapping regex matches","duration":0.24314299999997502,"failureMessages":[],"meta":{}},{"ancestorTitles":["extra coverage tests","parseDuration edge cases"],"fullName":"extra coverage tests parseDuration edge cases should handle potential negative value parsing","status":"passed","title":"should handle potential negative value parsing","duration":0.32942399999998884,"failureMessages":[],"meta":{}},{"ancestorTitles":["extra coverage tests","parseDuration edge cases"],"fullName":"extra coverage tests parseDuration edge cases should throw on whitespace-only string","status":"passed","title":"should throw on whitespace-only string","duration":0.3333719999999971,"failureMessages":[],"meta":{}},{"ancestorTitles":["extra coverage tests","parseDuration edge cases"],"fullName":"extra coverage tests parseDuration edge cases should throw on non-string input","status":"passed","title":"should throw on non-string input","duration":0.2435339999999826,"failureMessages":[],"meta":{}},{"ancestorTitles":["extra coverage tests","parseDuration edge cases"],"fullName":"extra coverage tests parseDuration edge cases should handle complex mixed units without overlap","status":"passed","title":"should handle complex mixed units without overlap","duration":0.1554999999999893,"failureMessages":[],"meta":{}},{"ancestorTitles":["extra coverage tests","additional Date object coverage"],"fullName":"extra coverage tests additional Date object coverage should handle Date objects in humanDate","status":"passed","title":"should handle Date objects in humanDate","duration":0.24132000000000176,"failureMessages":[],"meta":{}},{"ancestorTitles":["extra coverage tests","additional Date object coverage"],"fullName":"extra coverage tests additional Date object coverage should handle Date objects in dateRange","status":"passed","title":"should handle Date objects in dateRange","duration":0.253832999999986,"failureMessages":[],"meta":{}},{"ancestorTitles":["extra coverage tests","default reference parameter coverage"],"fullName":"extra coverage tests default reference parameter coverage should use timestamp as reference when reference is omitted in timeago","status":"passed","title":"should use timestamp as reference when reference is omitted in timeago","duration":0.10705000000001519,"failureMessages":[],"meta":{}},{"ancestorTitles":["extra coverage tests","default reference parameter coverage"],"fullName":"extra coverage tests default reference parameter coverage should use timestamp as reference when reference is omitted in humanDate","status":"passed","title":"should use timestamp as reference when reference is omitted in humanDate","duration":0.0997859999999946,"failureMessages":[],"meta":{}},{"ancestorTitles":["extra coverage tests","duration rounding edge cases for singular"],"fullName":"extra coverage tests duration rounding edge cases for singular should handle rounding up in compact mode","status":"passed","title":"should handle rounding up in compact mode","duration":0.15703200000001516,"failureMessages":[],"meta":{}},{"ancestorTitles":["extra coverage tests","duration edge case when last unit is seconds"],"fullName":"extra coverage tests duration edge case when last unit is seconds should handle rounding when last displayed unit is seconds","status":"passed","title":"should handle rounding when last displayed unit is seconds","duration":0.17718100000001868,"failureMessages":[],"meta":{}},{"ancestorTitles":["extra coverage tests","humanDate past week edge case"],"fullName":"extra coverage tests humanDate past week edge case should handle past week date where targetDay does not go negative","status":"passed","title":"should handle past week date where targetDay does not go negative","duration":0.1193619999999953,"failureMessages":[],"meta":{}}],"startTime":1770538457074,"endTime":1770538457083.1772,"status":"passed","message":"","name":"/home/runner/work/whenwords-js/whenwords-js/test/extra.test.js"},{"assertionResults":[{"ancestorTitles":["timeago"],"fullName":"timeago just now - identical timestamps","status":"passed","title":"just now - identical timestamps","duration":1.1683390000000031,"failureMessages":[],"meta":{}},{"ancestorTitles":["timeago"],"fullName":"timeago just now - 30 seconds ago","status":"passed","title":"just now - 30 seconds ago","duration":0.14181399999998234,"failureMessages":[],"meta":{}},{"ancestorTitles":["timeago"],"fullName":"timeago just now - 44 seconds ago","status":"passed","title":"just now - 44 seconds ago","duration":0.13126499999998487,"failureMessages":[],"meta":{}},{"ancestorTitles":["timeago"],"fullName":"timeago 1 minute ago - 45 seconds","status":"passed","title":"1 minute ago - 45 seconds","duration":0.20209700000000907,"failureMessages":[],"meta":{}},{"ancestorTitles":["timeago"],"fullName":"timeago 1 minute ago - 89 seconds","status":"passed","title":"1 minute ago - 89 seconds","duration":0.17394400000000587,"failureMessages":[],"meta":{}},{"ancestorTitles":["timeago"],"fullName":"timeago 2 minutes ago - 90 seconds","status":"passed","title":"2 minutes ago - 90 seconds","duration":0.1311849999999879,"failureMessages":[],"meta":{}},{"ancestorTitles":["timeago"],"fullName":"timeago 30 minutes ago","status":"passed","title":"30 minutes ago","duration":0.10537700000000427,"failureMessages":[],"meta":{}},{"ancestorTitles":["timeago"],"fullName":"timeago 44 minutes ago","status":"passed","title":"44 minutes ago","duration":0.09683100000000877,"failureMessages":[],"meta":{}},{"ancestorTitles":["timeago"],"fullName":"timeago 1 hour ago - 45 minutes","status":"passed","title":"1 hour ago - 45 minutes","duration":0.11124700000002008,"failureMessages":[],"meta":{}},{"ancestorTitles":["timeago"],"fullName":"timeago 1 hour ago - 89 minutes","status":"passed","title":"1 hour ago - 89 minutes","duration":0.18200899999999365,"failureMessages":[],"meta":{}},{"ancestorTitles":["timeago"],"fullName":"timeago 2 hours ago - 90 minutes","status":"passed","title":"2 hours ago - 90 minutes","duration":0.0911000000000115,"failureMessages":[],"meta":{}},{"ancestorTitles":["timeago"],"fullName":"timeago 5 hours ago","status":"passed","title":"5 hours ago","duration":0.059851999999978034,"failureMessages":[],"meta":{}},{"ancestorTitles":["timeago"],"fullName":"timeago 21 hours ago","status":"passed","title":"21 hours ago","duration":0.05215799999999149,"failureMessages":[],"meta":{}},{"ancestorTitles":["timeago"],"fullName":"timeago 1 day ago - 22 hours","status":"passed","title":"1 day ago - 22 hours","duration":0.04919200000000501,"failureMessages":[],"meta":{}},{"ancestorTitles":["timeago"],"fullName":"timeago 1 day ago - 35 hours","status":"passed","title":"1 day ago - 35 hours","duration":0.04652699999999754,"failureMessages":[],"meta":{}},{"ancestorTitles":["timeago"],"fullName":"timeago 2 days ago - 36 hours","status":"passed","title":"2 days ago - 36 hours","duration":0.058840000000003556,"failureMessages":[],"meta":{}},{"ancestorTitles":["timeago"],"fullName":"timeago 7 days ago","status":"passed","title":"7 days ago","duration":0.056574999999980946,"failureMessages":[],"meta":{}},{"ancestorTitles":["timeago"],"fullName":"timeago 25 days ago","status":"passed","title":"25 days ago","duration":0.06036299999999528,"failureMessages":[],"meta":{}},{"ancestorTitles":["timeago"],"fullName":"timeago 1 month ago - 26 days","status":"passed","title":"1 month ago - 26 days","duration":0.07931800000000067,"failureMessages":[],"meta":{}},{"ancestorTitles":["timeago"],"fullName":"timeago 1 month ago - 45 days","status":"passed","title":"1 month ago - 45 days","duration":0.06193600000000288,"failureMessages":[],"meta":{}},{"ancestorTitles":["timeago"],"fullName":"timeago 2 months ago - 46 days","status":"passed","title":"2 months ago - 46 days","duration":0.060372999999998456,"failureMessages":[],"meta":{}},{"ancestorTitles":["timeago"],"fullName":"timeago 6 months ago","status":"passed","title":"6 months ago","duration":0.0933339999999987,"failureMessages":[],"meta":{}},{"ancestorTitles":["timeago"],"fullName":"timeago 11 months ago - 319 days","status":"passed","title":"11 months ago - 319 days","duration":0.1473839999999882,"failureMessages":[],"meta":{}},{"ancestorTitles":["timeago"],"fullName":"timeago 1 year ago - 320 days","status":"passed","title":"1 year ago - 320 days","duration":0.09807299999999941,"failureMessages":[],"meta":{}},{"ancestorTitles":["timeago"],"fullName":"timeago 1 year ago - 547 days","status":"passed","title":"1 year ago - 547 days","duration":0.06048300000000495,"failureMessages":[],"meta":{}},{"ancestorTitles":["timeago"],"fullName":"timeago 2 years ago - 548 days","status":"passed","title":"2 years ago - 548 days","duration":0.05340899999998783,"failureMessages":[],"meta":{}},{"ancestorTitles":["timeago"],"fullName":"timeago 5 years ago","status":"passed","title":"5 years ago","duration":0.07433899999998062,"failureMessages":[],"meta":{}},{"ancestorTitles":["timeago"],"fullName":"timeago future - in just now (30 seconds)","status":"passed","title":"future - in just now (30 seconds)","duration":0.05780800000002273,"failureMessages":[],"meta":{}},{"ancestorTitles":["timeago"],"fullName":"timeago future - in 1 minute","status":"passed","title":"future - in 1 minute","duration":0.04981300000000033,"failureMessages":[],"meta":{}},{"ancestorTitles":["timeago"],"fullName":"timeago future - in 5 minutes","status":"passed","title":"future - in 5 minutes","duration":0.05455100000000357,"failureMessages":[],"meta":{}},{"ancestorTitles":["timeago"],"fullName":"timeago future - in 1 hour","status":"passed","title":"future - in 1 hour","duration":0.0699510000000032,"failureMessages":[],"meta":{}},{"ancestorTitles":["timeago"],"fullName":"timeago future - in 3 hours","status":"passed","title":"future - in 3 hours","duration":0.08709299999998166,"failureMessages":[],"meta":{}},{"ancestorTitles":["timeago"],"fullName":"timeago future - in 1 day","status":"passed","title":"future - in 1 day","duration":0.053479000000010046,"failureMessages":[],"meta":{}},{"ancestorTitles":["timeago"],"fullName":"timeago future - in 2 days","status":"passed","title":"future - in 2 days","duration":0.050083000000000766,"failureMessages":[],"meta":{}},{"ancestorTitles":["timeago"],"fullName":"timeago future - in 1 month","status":"passed","title":"future - in 1 month","duration":0.051765999999986434,"failureMessages":[],"meta":{}},{"ancestorTitles":["timeago"],"fullName":"timeago future - in 1 year","status":"passed","title":"future - in 1 year","duration":0.045956000000018093,"failureMessages":[],"meta":{}},{"ancestorTitles":["duration"],"fullName":"duration zero seconds","status":"passed","title":"zero seconds","duration":0.2703640000000007,"failureMessages":[],"meta":{}},{"ancestorTitles":["duration"],"fullName":"duration 1 second","status":"passed","title":"1 second","duration":0.08044000000001006,"failureMessages":[],"meta":{}},{"ancestorTitles":["duration"],"fullName":"duration 45 seconds","status":"passed","title":"45 seconds","duration":0.06967999999997687,"failureMessages":[],"meta":{}},{"ancestorTitles":["duration"],"fullName":"duration 1 minute","status":"passed","title":"1 minute","duration":0.09232200000002422,"failureMessages":[],"meta":{}},{"ancestorTitles":["duration"],"fullName":"duration 1 minute 30 seconds","status":"passed","title":"1 minute 30 seconds","duration":0.08949699999999439,"failureMessages":[],"meta":{}},{"ancestorTitles":["duration"],"fullName":"duration 2 minutes","status":"passed","title":"2 minutes","duration":0.0659729999999854,"failureMessages":[],"meta":{}},{"ancestorTitles":["duration"],"fullName":"duration 1 hour","status":"passed","title":"1 hour","duration":0.10932400000001508,"failureMessages":[],"meta":{}},{"ancestorTitles":["duration"],"fullName":"duration 1 hour 1 minute","status":"passed","title":"1 hour 1 minute","duration":0.1313250000000039,"failureMessages":[],"meta":{}},{"ancestorTitles":["duration"],"fullName":"duration 1 hour 30 minutes","status":"passed","title":"1 hour 30 minutes","duration":0.06714599999997972,"failureMessages":[],"meta":{}},{"ancestorTitles":["duration"],"fullName":"duration 2 hours 30 minutes","status":"passed","title":"2 hours 30 minutes","duration":0.0634990000000073,"failureMessages":[],"meta":{}},{"ancestorTitles":["duration"],"fullName":"duration 1 day","status":"passed","title":"1 day","duration":0.05575399999997899,"failureMessages":[],"meta":{}},{"ancestorTitles":["duration"],"fullName":"duration 1 day 2 hours","status":"passed","title":"1 day 2 hours","duration":0.05025399999999536,"failureMessages":[],"meta":{}},{"ancestorTitles":["duration"],"fullName":"duration 7 days","status":"passed","title":"7 days","duration":0.05063400000000229,"failureMessages":[],"meta":{}},{"ancestorTitles":["duration"],"fullName":"duration 1 month (30 days)","status":"passed","title":"1 month (30 days)","duration":0.05687700000001428,"failureMessages":[],"meta":{}},{"ancestorTitles":["duration"],"fullName":"duration 1 year (365 days)","status":"passed","title":"1 year (365 days)","duration":0.05164600000000519,"failureMessages":[],"meta":{}},{"ancestorTitles":["duration"],"fullName":"duration 1 year 2 months","status":"passed","title":"1 year 2 months","duration":0.05378000000001748,"failureMessages":[],"meta":{}},{"ancestorTitles":["duration"],"fullName":"duration compact - 1h 1m","status":"passed","title":"compact - 1h 1m","duration":0.06221600000000649,"failureMessages":[],"meta":{}},{"ancestorTitles":["duration"],"fullName":"duration compact - 2h 30m","status":"passed","title":"compact - 2h 30m","duration":0.05222700000001623,"failureMessages":[],"meta":{}},{"ancestorTitles":["duration"],"fullName":"duration compact - 1d 2h","status":"passed","title":"compact - 1d 2h","duration":0.050194000000004735,"failureMessages":[],"meta":{}},{"ancestorTitles":["duration"],"fullName":"duration compact - 45s","status":"passed","title":"compact - 45s","duration":0.05021300000001361,"failureMessages":[],"meta":{}},{"ancestorTitles":["duration"],"fullName":"duration compact - 0s","status":"passed","title":"compact - 0s","duration":0.09199100000000726,"failureMessages":[],"meta":{}},{"ancestorTitles":["duration"],"fullName":"duration max_units 1 - hours only","status":"passed","title":"max_units 1 - hours only","duration":0.07855599999999185,"failureMessages":[],"meta":{}},{"ancestorTitles":["duration"],"fullName":"duration max_units 1 - days only","status":"passed","title":"max_units 1 - days only","duration":0.06017199999999434,"failureMessages":[],"meta":{}},{"ancestorTitles":["duration"],"fullName":"duration max_units 3","status":"passed","title":"max_units 3","duration":0.0629380000000026,"failureMessages":[],"meta":{}},{"ancestorTitles":["duration"],"fullName":"duration compact max_units 1","status":"passed","title":"compact max_units 1","duration":0.10075800000001323,"failureMessages":[],"meta":{}},{"ancestorTitles":["duration"],"fullName":"duration error - negative seconds","status":"passed","title":"error - negative seconds","duration":0.7724910000000023,"failureMessages":[],"meta":{}},{"ancestorTitles":["parseDuration"],"fullName":"parseDuration compact hours minutes","status":"passed","title":"compact hours minutes","duration":0.42623499999999126,"failureMessages":[],"meta":{}},{"ancestorTitles":["parseDuration"],"fullName":"parseDuration compact with space","status":"passed","title":"compact with space","duration":0.13051400000000513,"failureMessages":[],"meta":{}},{"ancestorTitles":["parseDuration"],"fullName":"parseDuration compact with comma","status":"passed","title":"compact with comma","duration":0.08542899999997644,"failureMessages":[],"meta":{}},{"ancestorTitles":["parseDuration"],"fullName":"parseDuration verbose","status":"passed","title":"verbose","duration":0.21394999999998277,"failureMessages":[],"meta":{}},{"ancestorTitles":["parseDuration"],"fullName":"parseDuration verbose with and","status":"passed","title":"verbose with and","duration":0.08016900000001215,"failureMessages":[],"meta":{}},{"ancestorTitles":["parseDuration"],"fullName":"parseDuration verbose with comma and","status":"passed","title":"verbose with comma and","duration":0.07257599999999798,"failureMessages":[],"meta":{}},{"ancestorTitles":["parseDuration"],"fullName":"parseDuration decimal hours","status":"passed","title":"decimal hours","duration":0.07383699999999749,"failureMessages":[],"meta":{}},{"ancestorTitles":["parseDuration"],"fullName":"parseDuration decimal compact","status":"passed","title":"decimal compact","duration":0.07139300000000048,"failureMessages":[],"meta":{}},{"ancestorTitles":["parseDuration"],"fullName":"parseDuration single unit minutes verbose","status":"passed","title":"single unit minutes verbose","duration":0.06294800000000578,"failureMessages":[],"meta":{}},{"ancestorTitles":["parseDuration"],"fullName":"parseDuration single unit minutes compact","status":"passed","title":"single unit minutes compact","duration":0.06202600000000302,"failureMessages":[],"meta":{}},{"ancestorTitles":["parseDuration"],"fullName":"parseDuration single unit min","status":"passed","title":"single unit min","duration":0.05806800000001999,"failureMessages":[],"meta":{}},{"ancestorTitles":["parseDuration"],"fullName":"parseDuration colon notation h:mm","status":"passed","title":"colon notation h:mm","duration":0.08794400000002156,"failureMessages":[],"meta":{}},{"ancestorTitles":["parseDuration"],"fullName":"parseDuration colon notation h:mm:ss","status":"passed","title":"colon notation h:mm:ss","duration":0.06458999999998127,"failureMessages":[],"meta":{}},{"ancestorTitles":["parseDuration"],"fullName":"parseDuration colon notation with seconds","status":"passed","title":"colon notation with seconds","duration":0.05681599999999776,"failureMessages":[],"meta":{}},{"ancestorTitles":["parseDuration"],"fullName":"parseDuration days verbose","status":"passed","title":"days verbose","duration":0.07423799999997982,"failureMessages":[],"meta":{}},{"ancestorTitles":["parseDuration"],"fullName":"parseDuration days compact","status":"passed","title":"days compact","duration":0.05434200000001965,"failureMessages":[],"meta":{}},{"ancestorTitles":["parseDuration"],"fullName":"parseDuration weeks verbose","status":"passed","title":"weeks verbose","duration":0.054391000000009626,"failureMessages":[],"meta":{}},{"ancestorTitles":["parseDuration"],"fullName":"parseDuration weeks compact","status":"passed","title":"weeks compact","duration":0.05096499999999082,"failureMessages":[],"meta":{}},{"ancestorTitles":["parseDuration"],"fullName":"parseDuration mixed verbose","status":"passed","title":"mixed verbose","duration":0.06873799999999619,"failureMessages":[],"meta":{}},{"ancestorTitles":["parseDuration"],"fullName":"parseDuration mixed compact","status":"passed","title":"mixed compact","duration":0.0770029999999906,"failureMessages":[],"meta":{}},{"ancestorTitles":["parseDuration"],"fullName":"parseDuration seconds only verbose","status":"passed","title":"seconds only verbose","duration":0.05814899999998602,"failureMessages":[],"meta":{}},{"ancestorTitles":["parseDuration"],"fullName":"parseDuration seconds compact s","status":"passed","title":"seconds compact s","duration":0.06684400000000323,"failureMessages":[],"meta":{}},{"ancestorTitles":["parseDuration"],"fullName":"parseDuration seconds compact sec","status":"passed","title":"seconds compact sec","duration":0.055152999999990016,"failureMessages":[],"meta":{}},{"ancestorTitles":["parseDuration"],"fullName":"parseDuration hours hr","status":"passed","title":"hours hr","duration":0.051115000000010014,"failureMessages":[],"meta":{}},{"ancestorTitles":["parseDuration"],"fullName":"parseDuration hours hrs","status":"passed","title":"hours hrs","duration":0.053048999999987245,"failureMessages":[],"meta":{}},{"ancestorTitles":["parseDuration"],"fullName":"parseDuration minutes mins","status":"passed","title":"minutes mins","duration":0.05216700000002561,"failureMessages":[],"meta":{}},{"ancestorTitles":["parseDuration"],"fullName":"parseDuration case insensitive","status":"passed","title":"case insensitive","duration":0.05064400000000546,"failureMessages":[],"meta":{}},{"ancestorTitles":["parseDuration"],"fullName":"parseDuration whitespace tolerance","status":"passed","title":"whitespace tolerance","duration":0.05744699999999625,"failureMessages":[],"meta":{}},{"ancestorTitles":["parseDuration"],"fullName":"parseDuration error - empty string","status":"passed","title":"error - empty string","duration":0.23220299999999838,"failureMessages":[],"meta":{}},{"ancestorTitles":["parseDuration"],"fullName":"parseDuration error - no units","status":"passed","title":"error - no units","duration":0.13860900000000242,"failureMessages":[],"meta":{}},{"ancestorTitles":["parseDuration"],"fullName":"parseDuration error - negative","status":"passed","title":"error - negative","duration":0.11508399999999597,"failureMessages":[],"meta":{}},{"ancestorTitles":["parseDuration"],"fullName":"parseDuration error - just number","status":"passed","title":"error - just number","duration":0.11280000000002133,"failureMessages":[],"meta":{}},{"ancestorTitles":["humanDate"],"fullName":"humanDate today","status":"passed","title":"today","duration":0.2848810000000128,"failureMessages":[],"meta":{}},{"ancestorTitles":["humanDate"],"fullName":"humanDate today - same day different time","status":"passed","title":"today - same day different time","duration":0.07207500000001232,"failureMessages":[],"meta":{}},{"ancestorTitles":["humanDate"],"fullName":"humanDate yesterday","status":"passed","title":"yesterday","duration":0.09049899999999411,"failureMessages":[],"meta":{}},{"ancestorTitles":["humanDate"],"fullName":"humanDate tomorrow","status":"passed","title":"tomorrow","duration":0.057386999999977206,"failureMessages":[],"meta":{}},{"ancestorTitles":["humanDate"],"fullName":"humanDate last Sunday (1 day before Monday)","status":"passed","title":"last Sunday (1 day before Monday)","duration":0.09235200000000532,"failureMessages":[],"meta":{}},{"ancestorTitles":["humanDate"],"fullName":"humanDate last Saturday (2 days ago)","status":"passed","title":"last Saturday (2 days ago)","duration":0.07771500000001197,"failureMessages":[],"meta":{}},{"ancestorTitles":["humanDate"],"fullName":"humanDate last Friday (3 days ago)","status":"passed","title":"last Friday (3 days ago)","duration":0.08538000000001489,"failureMessages":[],"meta":{}},{"ancestorTitles":["humanDate"],"fullName":"humanDate last Thursday (4 days ago)","status":"passed","title":"last Thursday (4 days ago)","duration":0.08247399999999061,"failureMessages":[],"meta":{}},{"ancestorTitles":["humanDate"],"fullName":"humanDate last Wednesday (5 days ago)","status":"passed","title":"last Wednesday (5 days ago)","duration":0.08919600000001537,"failureMessages":[],"meta":{}},{"ancestorTitles":["humanDate"],"fullName":"humanDate last Tuesday (6 days ago)","status":"passed","title":"last Tuesday (6 days ago)","duration":0.07630199999999832,"failureMessages":[],"meta":{}},{"ancestorTitles":["humanDate"],"fullName":"humanDate last Monday (7 days ago) - becomes date","status":"passed","title":"last Monday (7 days ago) - becomes date","duration":0.062286000000000286,"failureMessages":[],"meta":{}},{"ancestorTitles":["humanDate"],"fullName":"humanDate this Tuesday (1 day future)","status":"passed","title":"this Tuesday (1 day future)","duration":0.04613599999998996,"failureMessages":[],"meta":{}},{"ancestorTitles":["humanDate"],"fullName":"humanDate this Wednesday (2 days future)","status":"passed","title":"this Wednesday (2 days future)","duration":0.046695999999997184,"failureMessages":[],"meta":{}},{"ancestorTitles":["humanDate"],"fullName":"humanDate this Thursday (3 days future)","status":"passed","title":"this Thursday (3 days future)","duration":0.046065999999996166,"failureMessages":[],"meta":{}},{"ancestorTitles":["humanDate"],"fullName":"humanDate this Sunday (6 days future)","status":"passed","title":"this Sunday (6 days future)","duration":0.04207800000000361,"failureMessages":[],"meta":{}},{"ancestorTitles":["humanDate"],"fullName":"humanDate next Monday (7 days future) - becomes date","status":"passed","title":"next Monday (7 days future) - becomes date","duration":0.03938299999998662,"failureMessages":[],"meta":{}},{"ancestorTitles":["humanDate"],"fullName":"humanDate same year different month","status":"passed","title":"same year different month","duration":0.03937300000001187,"failureMessages":[],"meta":{}},{"ancestorTitles":["humanDate"],"fullName":"humanDate same year end of year","status":"passed","title":"same year end of year","duration":0.06649400000000583,"failureMessages":[],"meta":{}},{"ancestorTitles":["humanDate"],"fullName":"humanDate previous year","status":"passed","title":"previous year","duration":0.050603999999992766,"failureMessages":[],"meta":{}},{"ancestorTitles":["humanDate"],"fullName":"humanDate next year","status":"passed","title":"next year","duration":0.040375000000011596,"failureMessages":[],"meta":{}},{"ancestorTitles":["dateRange"],"fullName":"dateRange same day","status":"passed","title":"same day","duration":0.20349999999999113,"failureMessages":[],"meta":{}},{"ancestorTitles":["dateRange"],"fullName":"dateRange same day different times","status":"passed","title":"same day different times","duration":0.05752699999999322,"failureMessages":[],"meta":{}},{"ancestorTitles":["dateRange"],"fullName":"dateRange consecutive days same month","status":"passed","title":"consecutive days same month","duration":0.07545099999998683,"failureMessages":[],"meta":{}},{"ancestorTitles":["dateRange"],"fullName":"dateRange same month range","status":"passed","title":"same month range","duration":0.04968299999998749,"failureMessages":[],"meta":{}},{"ancestorTitles":["dateRange"],"fullName":"dateRange same year different months","status":"passed","title":"same year different months","duration":0.045024000000012165,"failureMessages":[],"meta":{}},{"ancestorTitles":["dateRange"],"fullName":"dateRange different years","status":"passed","title":"different years","duration":0.045565000000010514,"failureMessages":[],"meta":{}},{"ancestorTitles":["dateRange"],"fullName":"dateRange full year span","status":"passed","title":"full year span","duration":0.04241899999999532,"failureMessages":[],"meta":{}},{"ancestorTitles":["dateRange"],"fullName":"dateRange swapped inputs - should auto-correct","status":"passed","title":"swapped inputs - should auto-correct","duration":0.04330099999998538,"failureMessages":[],"meta":{}},{"ancestorTitles":["dateRange"],"fullName":"dateRange multi-year span","status":"passed","title":"multi-year span","duration":0.06033299999998576,"failureMessages":[],"meta":{}}],"startTime":1770538457090,"endTime":1770538457104.0754,"status":"passed","message":"","name":"/home/runner/work/whenwords-js/whenwords-js/test/whenwords.test.js"}]}